<?xml version="1.0" encoding="utf-8"?><testsuites name="pytest tests"><testsuite name="pytest" errors="0" failures="1" skipped="0" tests="15" time="32.983" timestamp="2026-01-29T14:50:05.629621+00:00" hostname="agent-env-ab3b67a0-ad46-4d32-9543-9d4839b32d41"><testcase classname="tests.test_chatbot_api.TestPublicEndpoints" name="test_root_endpoint" time="0.078" /><testcase classname="tests.test_chatbot_api.TestPublicEndpoints" name="test_services_endpoint" time="0.042" /><testcase classname="tests.test_chatbot_api.TestPublicEndpoints" name="test_saas_products_endpoint" time="0.043" /><testcase classname="tests.test_chatbot_api.TestPublicEndpoints" name="test_about_endpoint" time="0.041" /><testcase classname="tests.test_chatbot_api.TestChatbotEndpoints" name="test_chat_message_new_session" time="3.989" /><testcase classname="tests.test_chatbot_api.TestChatbotEndpoints" name="test_chat_message_existing_session" time="10.285" /><testcase classname="tests.test_chatbot_api.TestChatbotEndpoints" name="test_chat_lead_capture_email" time="8.083" /><testcase classname="tests.test_chatbot_api.TestChatbotEndpoints" name="test_chat_lead_capture_phone" time="3.214" /><testcase classname="tests.test_chatbot_api.TestAdminAuthentication" name="test_admin_login_success" time="0.301" /><testcase classname="tests.test_chatbot_api.TestAdminAuthentication" name="test_admin_login_invalid_credentials" time="0.043" /><testcase classname="tests.test_chatbot_api.TestAdminChatSessions" name="test_get_chat_sessions" time="0.316" /><testcase classname="tests.test_chatbot_api.TestAdminChatSessions" name="test_get_chat_sessions_unauthorized" time="0.044"><failure message="assert 403 == 401&#10; +  where 403 = &lt;Response [403]&gt;.status_code">tests/test_chatbot_api.py:222: in test_get_chat_sessions_unauthorized
    assert response.status_code == 401
E   assert 403 == 401
E    +  where 403 = &lt;Response [403]&gt;.status_code</failure></testcase><testcase classname="tests.test_chatbot_api.TestAdminChatSessions" name="test_get_single_chat_session" time="3.369" /><testcase classname="tests.test_chatbot_api.TestAdminChatSessions" name="test_delete_chat_session" time="2.695" /><testcase classname="tests.test_chatbot_api.TestAdminContacts" name="test_get_contacts" time="0.305" /></testsuite></testsuites>