<?xml version="1.0" encoding="utf-8"?><testsuites name="pytest tests"><testsuite name="pytest" errors="0" failures="0" skipped="0" tests="15" time="27.984" timestamp="2026-01-29T14:53:09.257401+00:00" hostname="agent-env-ab3b67a0-ad46-4d32-9543-9d4839b32d41"><testcase classname="tests.test_chatbot_api.TestPublicEndpoints" name="test_root_endpoint" time="0.058" /><testcase classname="tests.test_chatbot_api.TestPublicEndpoints" name="test_services_endpoint" time="0.037" /><testcase classname="tests.test_chatbot_api.TestPublicEndpoints" name="test_saas_products_endpoint" time="0.040" /><testcase classname="tests.test_chatbot_api.TestPublicEndpoints" name="test_about_endpoint" time="0.041" /><testcase classname="tests.test_chatbot_api.TestChatbotEndpoints" name="test_chat_message_new_session" time="4.155" /><testcase classname="tests.test_chatbot_api.TestChatbotEndpoints" name="test_chat_message_existing_session" time="7.707" /><testcase classname="tests.test_chatbot_api.TestChatbotEndpoints" name="test_chat_lead_capture_email" time="4.274" /><testcase classname="tests.test_chatbot_api.TestChatbotEndpoints" name="test_chat_lead_capture_phone" time="3.292" /><testcase classname="tests.test_chatbot_api.TestAdminAuthentication" name="test_admin_login_success" time="0.273" /><testcase classname="tests.test_chatbot_api.TestAdminAuthentication" name="test_admin_login_invalid_credentials" time="0.051" /><testcase classname="tests.test_chatbot_api.TestAdminChatSessions" name="test_get_chat_sessions" time="0.339" /><testcase classname="tests.test_chatbot_api.TestAdminChatSessions" name="test_get_chat_sessions_unauthorized" time="0.037" /><testcase classname="tests.test_chatbot_api.TestAdminChatSessions" name="test_get_single_chat_session" time="3.493" /><testcase classname="tests.test_chatbot_api.TestAdminChatSessions" name="test_delete_chat_session" time="3.780" /><testcase classname="tests.test_chatbot_api.TestAdminContacts" name="test_get_contacts" time="0.333" /></testsuite></testsuites>